\BOOKMARK [0][-]{chapter*.1}{\376\377\000D\000e\000c\000l\000a\000r\000a\000t\000i\000o\000n}{}% 1
\BOOKMARK [0][-]{chapter*.3}{\376\377\000A\000b\000s\000t\000r\000a\000c\000t}{}% 2
\BOOKMARK [0][-]{chapter.1}{\376\377\000I\000n\000t\000r\000o\000d\000u\000c\000t\000i\000o\000n}{}% 3
\BOOKMARK [0][-]{chapter.2}{\376\377\000F\000u\000n\000d\000a\000m\000e\000n\000t\000a\000l\000s\000\040\000a\000n\000d\000\040\000R\000e\000l\000a\000t\000e\000d\000\040\000W\000o\000r\000k\000s}{}% 4
\BOOKMARK [1][-]{section.2.1}{\376\377\000W\000e\000b\000\040\000C\000o\000m\000p\000o\000n\000e\000n\000t\000s}{chapter.2}% 5
\BOOKMARK [1][-]{section.2.2}{\376\377\000A\000n\000g\000u\000l\000a\000r}{chapter.2}% 6
\BOOKMARK [2][-]{subsection.2.2.1}{\376\377\000C\000o\000m\000p\000o\000n\000e\000n\000t\000s\000\040\000i\000n\000\040\000A\000n\000g\000u\000l\000a\000r}{section.2.2}% 7
\BOOKMARK [2][-]{subsection.2.2.2}{\376\377\000B\000a\000s\000i\000c\000\040\000C\000o\000n\000c\000e\000p\000t\000s}{section.2.2}% 8
\BOOKMARK [1][-]{section.2.3}{\376\377\000R\000e\000a\000c\000t}{chapter.2}% 9
\BOOKMARK [2][-]{subsection.2.3.1}{\376\377\000C\000o\000m\000p\000o\000n\000e\000n\000t\000s\000\040\000i\000n\000\040\000R\000e\000a\000c\000t}{section.2.3}% 10
\BOOKMARK [2][-]{subsection.2.3.2}{\376\377\000B\000a\000s\000i\000c\000\040\000C\000o\000n\000c\000e\000p\000t\000s}{section.2.3}% 11
\BOOKMARK [0][-]{chapter.3}{\376\377\000V\000u\000e}{}% 12
\BOOKMARK [1][-]{subsection.3.0.1}{\376\377\000C\000o\000p\000m\000o\000n\000e\000n\000t\000s\000\040\000i\000n\000\040\000V\000u\000e}{chapter.3}% 13
\BOOKMARK [0][-]{chapter.4}{\376\377\000W\000o\000r\000k\000i\000n\000g\000\040\000w\000i\000t\000h\000\040\000L\000a\000T\000e\000X}{}% 14
\BOOKMARK [0][-]{chapter.5}{\376\377\000F\000i\000g\000u\000r\000e\000s\000,\000\040\000T\000a\000b\000l\000e\000s\000,\000\040\000S\000o\000u\000r\000c\000e\000\040\000C\000o\000d\000e}{}% 15
\BOOKMARK [0][-]{chapter.6}{\376\377\000M\000a\000t\000h\000e\000m\000a\000t\000i\000c\000a\000l\000\040\000E\000l\000e\000m\000e\000n\000t\000s}{}% 16
\BOOKMARK [0][-]{chapter.7}{\376\377\000U\000s\000i\000n\000g\000\040\000L\000i\000t\000e\000r\000a\000t\000u\000r\000e}{}% 17
\BOOKMARK [0][-]{chapter.8}{\376\377\000P\000r\000i\000n\000t\000i\000n\000g\000\040\000t\000h\000e\000\040\000M\000a\000n\000u\000s\000c\000r\000i\000p\000t}{}% 18
\BOOKMARK [0][-]{chapter.9}{\376\377\000C\000l\000o\000s\000i\000n\000g\000\040\000R\000e\000m\000a\000r\000k\000s}{}% 19
\BOOKMARK [0][-]{appendix.A}{\376\377\000T\000e\000c\000h\000n\000i\000c\000a\000l\000\040\000D\000e\000t\000a\000i\000l\000s}{}% 20
\BOOKMARK [0][-]{appendix.B}{\376\377\000S\000u\000p\000p\000l\000e\000m\000e\000n\000t\000a\000r\000y\000\040\000M\000a\000t\000e\000r\000i\000a\000l\000s}{}% 21
\BOOKMARK [1][-]{section.B.1}{\376\377\000P\000D\000F\000\040\000F\000i\000l\000e\000s}{appendix.B}% 22
\BOOKMARK [1][-]{section.B.2}{\376\377\000M\000e\000d\000i\000a\000\040\000F\000i\000l\000e\000s}{appendix.B}% 23
\BOOKMARK [1][-]{section.B.3}{\376\377\000O\000n\000l\000i\000n\000e\000\040\000S\000o\000u\000r\000c\000e\000s\000\040\000\050\000P\000D\000F\000\040\000C\000a\000p\000t\000u\000r\000e\000s\000\051}{appendix.B}% 24
\BOOKMARK [0][-]{appendix.C}{\376\377\000Q\000u\000e\000s\000t\000i\000o\000n\000n\000a\000i\000r\000e}{}% 25
\BOOKMARK [0][-]{appendix.D}{\376\377\000L\000a\000T\000e\000X\000\040\000S\000o\000u\000r\000c\000e\000\040\000C\000o\000d\000e}{}% 26
\BOOKMARK [0][-]{appendix*.4}{\376\377\000R\000e\000f\000e\000r\000e\000n\000c\000e\000s}{}% 27
\BOOKMARK [1][-]{section*.5}{\376\377\000L\000i\000t\000e\000r\000a\000t\000u\000r\000e}{appendix*.4}% 28
\BOOKMARK [1][-]{section*.6}{\376\377\000O\000n\000l\000i\000n\000e\000\040\000s\000o\000u\000r\000c\000e\000s}{appendix*.4}% 29
